# JRE version: OpenJDK Runtime Environment (11.0+28) (build 11+28)
# Java VM: OpenJDK 64-Bit Server VM (11+28, mixed mode, tiered, compressed oops, g1 gc, windows-amd64)
Heap:
 garbage-first heap   total 262144K, used 136837K [0x00000000e0000000, 0x0000000100000000)
  region size 1024K, 52 young (53248K), 2 survivors (2048K)
 Metaspace       used 83192K, capacity 85856K, committed 86016K, reserved 329728K
  class space    used 10445K, capacity 11431K, committed 11520K, reserved 253952K
GC Heap History (10 events):
Event: 4319.058 GC heap before
{Heap before GC invocations=14 (full 0):
 garbage-first heap   total 262144K, used 195359K [0x00000000e0000000, 0x0000000100000000)
  region size 1024K, 129 young (132096K), 13 survivors (13312K)
 Metaspace       used 79608K, capacity 82242K, committed 82432K, reserved 325632K
  class space    used 10224K, capacity 11192K, committed 11264K, reserved 253952K
}
Event: 4319.069 GC heap after
{Heap after GC invocations=15 (full 0):
 garbage-first heap   total 262144K, used 71919K [0x00000000e0000000, 0x0000000100000000)
  region size 1024K, 4 young (4096K), 4 survivors (4096K)
 Metaspace       used 79608K, capacity 82242K, committed 82432K, reserved 325632K
  class space    used 10224K, capacity 11192K, committed 11264K, reserved 253952K
}
Event: 4319.621 GC heap before
{Heap before GC invocations=15 (full 0):
 garbage-first heap   total 262144K, used 199919K [0x00000000e0000000, 0x0000000100000000)
  region size 1024K, 130 young (133120K), 4 survivors (4096K)
 Metaspace       used 80264K, capacity 82867K, committed 82944K, reserved 325632K
  class space    used 10226K, capacity 11195K, committed 11264K, reserved 253952K
}
Event: 4319.625 GC heap after
{Heap after GC invocations=16 (full 0):
 garbage-first heap   total 262144K, used 72836K [0x00000000e0000000, 0x0000000100000000)
  region size 1024K, 5 young (5120K), 5 survivors (5120K)
 Metaspace       used 80264K, capacity 82867K, committed 82944K, reserved 325632K
  class space    used 10226K, capacity 11195K, committed 11264K, reserved 253952K
}
Event: 4320.280 GC heap before
{Heap before GC invocations=16 (full 0):
 garbage-first heap   total 262144K, used 205956K [0x00000000e0000000, 0x0000000100000000)
  region size 1024K, 134 young (137216K), 5 survivors (5120K)
 Metaspace       used 80477K, capacity 83221K, committed 83456K, reserved 327680K
  class space    used 10232K, capacity 11203K, committed 11264K, reserved 253952K
}
Event: 4320.290 GC heap after
{Heap after GC invocations=17 (full 0):
 garbage-first heap   total 262144K, used 88471K [0x00000000e0000000, 0x0000000100000000)
  region size 1024K, 17 young (17408K), 17 survivors (17408K)
 Metaspace       used 80477K, capacity 83221K, committed 83456K, reserved 327680K
  class space    used 10232K, capacity 11203K, committed 11264K, reserved 253952K
}
Event: 4419.779 GC heap before
{Heap before GC invocations=17 (full 0):
 garbage-first heap   total 262144K, used 204183K [0x00000000e0000000, 0x0000000100000000)
  region size 1024K, 131 young (134144K), 17 survivors (17408K)
 Metaspace       used 82805K, capacity 85571K, committed 85760K, reserved 329728K
  class space    used 10444K, capacity 11429K, committed 11520K, reserved 253952K
}
Event: 4419.785 GC heap after
{Heap after GC invocations=18 (full 0):
 garbage-first heap   total 262144K, used 89749K [0x00000000e0000000, 0x0000000100000000)
  region size 1024K, 5 young (5120K), 5 survivors (5120K)
 Metaspace       used 82805K, capacity 85571K, committed 85760K, reserved 329728K
  class space    used 10444K, capacity 11429K, committed 11520K, reserved 253952K
}
Event: 5044.596 GC heap before
{Heap before GC invocations=18 (full 0):
 garbage-first heap   total 262144K, used 205461K [0x00000000e0000000, 0x0000000100000000)
  region size 1024K, 119 young (121856K), 5 survivors (5120K)
 Metaspace       used 83130K, capacity 85776K, committed 86016K, reserved 329728K
  class space    used 10444K, capacity 11429K, committed 11520K, reserved 253952K
}
Event: 5044.597 GC heap after
{Heap after GC invocations=19 (full 0):
 garbage-first heap   total 262144K, used 86661K [0x00000000e0000000, 0x0000000100000000)
  region size 1024K, 2 young (2048K), 2 survivors (2048K)
 Metaspace       used 83130K, capacity 85776K, committed 86016K, reserved 329728K
  class space    used 10444K, capacity 11429K, committed 11520K, reserved 253952K
}

